<?xml version="1.0" encoding="UTF-8"?>
<!-- Generated by org.testng.reporters.JUnitXMLReporter -->
<testsuite ignored="0" hostname="Amits-MacBook-Pro.local" failures="0" tests="2" name="LogIn Page Test" time="3.728" errors="0" timestamp="2022-05-25T14:13:24 CDT">
  <testcase classname="com.swaglabs.qa.tests.LogInPageTest" name="validateLogIn" time="0.306"/>
  <testcase classname="com.swaglabs.qa.tests.LogInPageTest" name="validateTitleOfPage" time="0.031"/>
</testsuite> <!-- LogIn Page Test -->
