<?xml version="1.0" encoding="UTF-8"?>
<testng-results ignored="0" total="1" passed="1" failed="0" skipped="0">
  <reporter-output>
  </reporter-output>
  <suite started-at="2022-05-25T14:19:35 CDT" name="Default suite" finished-at="2022-05-25T14:19:40 CDT" duration-ms="4620">
    <groups>
    </groups>
    <test started-at="2022-05-25T14:19:35 CDT" name="Default test" finished-at="2022-05-25T14:19:40 CDT" duration-ms="4620">
      <class name="com.swaglabs.qa.tests.LogOutPageTest">
        <test-method is-config="true" signature="setUp()[pri:0, instance:com.swaglabs.qa.tests.LogOutPageTest@7c24b813]" started-at="2022-05-25T14:19:35 CDT" name="setUp" finished-at="2022-05-25T14:19:38 CDT" duration-ms="3163" status="PASS">
          <reporter-output>
          </reporter-output>
        </test-method> <!-- setUp -->
        <test-method is-config="true" signature="logOutPageSetUp()[pri:0, instance:com.swaglabs.qa.tests.LogOutPageTest@7c24b813]" started-at="2022-05-25T14:19:38 CDT" name="logOutPageSetUp" finished-at="2022-05-25T14:19:38 CDT" duration-ms="323" status="PASS">
          <reporter-output>
          </reporter-output>
        </test-method> <!-- logOutPageSetUp -->
        <test-method signature="validateLogOut()[pri:0, instance:com.swaglabs.qa.tests.LogOutPageTest@7c24b813]" started-at="2022-05-25T14:19:39 CDT" name="validateLogOut" finished-at="2022-05-25T14:19:39 CDT" duration-ms="992" status="PASS">
          <reporter-output>
          </reporter-output>
        </test-method> <!-- validateLogOut -->
        <test-method is-config="true" signature="tearDown()[pri:0, instance:com.swaglabs.qa.tests.LogOutPageTest@7c24b813]" started-at="2022-05-25T14:19:39 CDT" name="tearDown" finished-at="2022-05-25T14:19:40 CDT" duration-ms="109" status="PASS">
          <reporter-output>
          </reporter-output>
        </test-method> <!-- tearDown -->
      </class> <!-- com.swaglabs.qa.tests.LogOutPageTest -->
    </test> <!-- Default test -->
  </suite> <!-- Default suite -->
</testng-results>
